Arguments: 
  /home/cerf/.nvm/versions/node/v14.17.0/bin/node /mnt/c/Program Files (x86)/Yarn/bin/yarn.js init -y

PATH: 
  /home/cerf/.vscode-server/bin/8dfae7a5cd50421d10cd99cb873990460525a898/bin/remote-cli:/home/cerf/.local/bin:/home/cerf/.nvm/versions/node/v14.17.0/bin:/usr/local/sbin:/usr/local/bin:/usr/sbin:/usr/bin:/sbin:/bin:/usr/games:/usr/local/games:/usr/lib/wsl/lib:/mnt/c/Program Files (x86)/VMware/VMware Workstation/bin/:/mnt/c/Python39/Scripts/:/mnt/c/Python39/:/mnt/c/Program Files (x86)/Common Files/Oracle/Java/javapath:/mnt/c/Windows/system32:/mnt/c/Windows:/mnt/c/Windows/System32/Wbem:/mnt/c/Windows/System32/WindowsPowerShell/v1.0/:/mnt/c/Windows/System32/OpenSSH/:/mnt/c/Program Files/Git/cmd:/mnt/c/ProgramData/chocolatey/bin:/mnt/c/Program Files (x86)/Yarn/bin/:/mnt/g/Android/platform-tools:/mnt/c/Program Files/PuTTY/:/mnt/c/Users/CERF/AppData/Roaming/nvm:/mnt/c/Program Files/nodejs:/mnt/c/Users/CERF/AppData/Local/Programs/Python/Python38/Scripts/:/mnt/c/Users/CERF/AppData/Local/Programs/Python/Python38/:/mnt/c/Users/CERF/AppData/Local/Microsoft/WindowsApps:/mnt/c/Development/flutter/bin:/mnt/c/Program Files/Java/jdk1.8.0_271/bin:/mnt/c/Program Files/Java/jre1.8.0_271/bin:/mnt/c/Users/CERF/AppData/Local/Yarn/bin:/mnt/c/ProgramData/chocolatey/extensions/64bit:/mnt/c/Users/CERF/AppData/Local/Programs/Microsoft VS Code/bin:/mnt/c/Program Files/MySQL/MySQL Server 8.0/bin:/mnt/c/Users/CERF/AppData/Local/GitHubDesktop/bin:/mnt/c/Program Files/heroku/bin:/mnt/c/xampp/php:/mnt/c/Program Files (x86)/Nmap:/mnt/c/Program Files/MongoDB/Server/4.4/bin:/mnt/c/Program Files/PostgreSQL/13/bin:/mnt/c/ngrok:/mnt/c/Program Files/OpenSSL-Win64/bin:/mnt/c/Users/CERF/AppData/Local/hyper/app-3.0.2/resources/bin:/mnt/c/Users/CERF/AppData/Roaming/npm:/snap/bin

Yarn version: 
  1.22.5

Node version: 
  14.17.0

Platform: 
  linux x64

Trace: 
  SyntaxError: /home/cerf/development/hexagonal-architecture/package.json: Unexpected end of JSON input
      at JSON.parse (<anonymous>)
      at /mnt/c/Program Files (x86)/Yarn/lib/cli.js:1625:59
      at Generator.next (<anonymous>)
      at step (/mnt/c/Program Files (x86)/Yarn/lib/cli.js:310:30)
      at /mnt/c/Program Files (x86)/Yarn/lib/cli.js:321:13

npm manifest: 
  

yarn manifest: 
  No manifest

Lockfile: 
  # THIS IS AN AUTOGENERATED FILE. DO NOT EDIT THIS FILE DIRECTLY.
  # yarn lockfile v1
  
  
  "@types/node@^17.0.23":
    version "17.0.23"
    resolved "https://registry.yarnpkg.com/@types/node/-/node-17.0.23.tgz#3b41a6e643589ac6442bdbd7a4a3ded62f33f7da"
    integrity sha512-UxDxWn7dl97rKVeVS61vErvw086aCYhDLyvRQZ5Rk65rZKepaFdm53GeqXaKBuOhED4e9uWq34IC3TdSdJJ2Gw==
  
  typescript@^4.6.3:
    version "4.6.3"
    resolved "https://registry.yarnpkg.com/typescript/-/typescript-4.6.3.tgz#eefeafa6afdd31d725584c67a0eaba80f6fc6c6c"
    integrity sha512-yNIatDa5iaofVozS/uQJEl3JRWLKKGJKh6Yaiv0GLGSuhpFJe7P3SbHZ8/yjAHRQwKRoA6YZqlfjXWmVzoVSMw==
